<?xml version="1.0" encoding="UTF-8"?>
<!-- Generated by org.testng.reporters.JUnitReportReporter -->
<testsuite hostname="DESKTOP-8HBP6N5" failures="0" tests="4" name="testLayer.LoginTest" time="22.150" errors="0" timestamp="2022-06-19T15:07:58 EDT" skipped="0">
  <testcase classname="testLayer.LoginTest" name="Title" time="5.203"/>
  <system-out/>
  <testcase classname="testLayer.LoginTest" name="Login" time="3.864"/>
  <system-out/>
  <testcase classname="testLayer.LoginTest" name="Login" time="4.433"/>
  <system-out/>
  <testcase classname="testLayer.LoginTest" name="Login" time="8.650"/>
  <system-out/>
</testsuite> <!-- testLayer.LoginTest -->
